<?xml version="1.0" encoding="UTF-8"?>
<!-- Generated by org.testng.reporters.JUnitXMLReporter -->
<testsuite hostname="DESKTOP-7PEAQO3" ignored="0" name="Test" tests="9" failures="1" timestamp="21 Feb 2021 05:38:01 GMT" time="0.142" errors="0">
  <testcase name="tc0" time="0.026" classname="Groups.Sample"/>
  <testcase name="tc1" time="0.002" classname="Groups.Sample"/>
  <testcase name="tc2" time="0.007" classname="Groups.Sample">
    <skipped/>
  </testcase> <!-- tc2 -->
  <testcase name="tc2" time="0.003" classname="Groups.Sample">
    <skipped/>
  </testcase> <!-- tc2 -->
  <testcase name="tc2" time="0.001" classname="Groups.Sample">
    <skipped/>
  </testcase> <!-- tc2 -->
  <testcase name="tc2" time="0.003" classname="Groups.Sample">
    <skipped/>
  </testcase> <!-- tc2 -->
  <testcase name="tc2" time="0.002" classname="Groups.Sample">
    <skipped/>
  </testcase> <!-- tc2 -->
  <testcase name="tc2" time="0.003" classname="Groups.Sample">
    <failure type="java.lang.AssertionError" message="expected [true] but found [false]">
      <![CDATA[java.lang.AssertionError: expected [true] but found [false]
at Groups.Sample.tc2(Sample.java:29)
... Removed 29 stack frames]]>
    </failure>
  </testcase> <!-- tc2 -->
  <testcase name="tc3" time="0.001" classname="Groups.Sample"/>
</testsuite> <!-- Test -->
